<?xml version="1.0" encoding="UTF-8"?>
<!-- Generated by org.testng.reporters.JUnitReportReporter -->
<testsuite hostname="DESKTOP-E53T919" failures="0" tests="8" name="FirstTest" time="56.307" errors="0" timestamp="22 Kas 2018 20:39:33 GMT" skipped="0">
  <testcase classname="FirstTest" name="productControl" time="12.389"/>
  <testcase classname="FirstTest" name="MainPageControl" time="0.008"/>
  <testcase classname="FirstTest" name="loginControl" time="7.395"/>
  <testcase classname="FirstTest" name="searchControl" time="5.091"/>
  <testcase classname="FirstTest" name="responseSearchControl" time="0.825"/>
  <testcase classname="FirstTest" name="openPage2Control" time="4.908"/>
  <testcase classname="FirstTest" name="addListControl" time="10.453"/>
  <testcase classname="FirstTest" name="openWishListControl" time="15.238"/>
</testsuite> <!-- FirstTest -->
